./inputs/input1.in
Media tempo: 0.5880305687586467
Desvio tempo: 0.040724645558444246
Frequencia de valores
31621 30

./inputs/input2.in
Media tempo: 0.8865188121795654
Desvio tempo: 0.014494411469528734
Frequencia de valores
67829 30

./inputs/input3.in
Media tempo: 1.0533843755722045
Desvio tempo: 0.014025564072396145
Frequencia de valores
131064 1
132910 1
133546 1
136458 1
136935 3
138507 1
138750 2
143449 20

./inputs/input4.in
Media tempo: 1.0452630519866943
Desvio tempo: 0.008705331147507949
Frequencia de valores
26466 1
26887 1
26948 1
27137 2
27140 1
27188 1
27641 1
27657 2
27680 2
27709 5
27762 1
27830 1
28293 1
28395 1
28445 1
28446 2
28463 2
28615 1
28616 2
28670 1

